#
# There is insufficient memory for the Java Runtime Environment to continue.
# Native memory allocation (malloc) failed to allocate 1797456 bytes for Chunk::new
# Possible reasons:
#   The system is out of physical RAM or swap space
#   The process is running with CompressedOops enabled, and the Java Heap may be blocking the growth of the native heap
# Possible solutions:
#   Reduce memory load on the system
#   Increase physical memory or swap space
#   Check if swap backing store is full
#   Decrease Java heap size (-Xmx/-Xms)
#   Decrease number of Java threads
#   Decrease Java thread stack sizes (-Xss)
#   Set larger code cache with -XX:ReservedCodeCacheSize=
#   JVM is running with Unscaled Compressed Oops mode in which the Java heap is
#     placed in the first 4GB address space. The Java Heap base address is the
#     maximum limit for the native heap growth. Please use -XX:HeapBaseMinAddress
#     to set the Java Heap base and to place the Java Heap above 4GB virtual address.
# This output file may be truncated or incomplete.
#
#  Out of Memory Error (./src/hotspot/share/memory/arena.cpp:197), pid=8164, tid=9120
#
# JRE version: OpenJDK Runtime Environment (11.0.11+9) (build 11.0.11+9-b60-7590822)
# Java VM: OpenJDK 64-Bit Server VM (11.0.11+9-b60-7590822, mixed mode, tiered, compressed oops, g1 gc, windows-amd64)
# No core dump will be written. Minidumps are not enabled by default on client versions of Windows
#

---------------  S U M M A R Y ------------

Command Line: --add-opens=java.base/java.util=ALL-UNNAMED --add-opens=java.base/java.lang=ALL-UNNAMED --add-opens=java.base/java.lang.invoke=ALL-UNNAMED --add-opens=java.base/java.util=ALL-UNNAMED --add-opens=java.prefs/java.util.prefs=ALL-UNNAMED --add-opens=java.prefs/java.util.prefs=ALL-UNNAMED --add-opens=java.base/java.nio.charset=ALL-UNNAMED --add-opens=java.base/java.net=ALL-UNNAMED --add-opens=java.base/java.util.concurrent.atomic=ALL-UNNAMED -Xmx2048m -Dfile.encoding=UTF-8 -Duser.country=BG -Duser.language=bg -Duser.variant org.gradle.launcher.daemon.bootstrap.GradleDaemon 7.2

Host: Intel(R) Core(TM) i3-10110U CPU @ 2.10GHz, 4 cores, 7G,  Windows 10 , 64 bit Build 19041 (10.0.19041.1645)
Time: Fri May  6 14:27:36 2022 Финландия - лятно часово време elapsed time: 60.667855 seconds (0d 0h 1m 0s)

---------------  T H R E A D  ---------------

Current thread (0x0000014942a5b800):  JavaThread "C2 CompilerThread0" daemon [_thread_in_native, id=9120, stack(0x0000000b03e00000,0x0000000b03f00000)]


Current CompileTask:
C2:  60667 14105       4       org.gradle.internal.service.DefaultServiceRegistry$SingletonService::get (5 bytes)

Stack: [0x0000000b03e00000,0x0000000b03f00000]
Native frames: (J=compiled Java code, j=interpreted, Vv=VM code, C=native code)
V  [jvm.dll+0x5f214a]
V  [jvm.dll+0x726fb5]
V  [jvm.dll+0x7285cd]
V  [jvm.dll+0x728c83]
V  [jvm.dll+0x243278]
V  [jvm.dll+0xbc53c]
V  [jvm.dll+0xbca3c]
V  [jvm.dll+0x353e7d]
V  [jvm.dll+0x321893]
V  [jvm.dll+0x320d8a]
V  [jvm.dll+0x1fc1e2]
V  [jvm.dll+0x1fb3d4]
V  [jvm.dll+0x183d6c]
V  [jvm.dll+0x209a57]
V  [jvm.dll+0x2082a1]
V  [jvm.dll+0x6ef58f]
V  [jvm.dll+0x6e80b5]
V  [jvm.dll+0x5f1036]
C  [ucrtbase.dll+0x21bb2]
C  [KERNEL32.DLL+0x17034]
C  [ntdll.dll+0x52651]


---------------  P R O C E S S  ---------------

Threads class SMR info:
_java_thread_list=0x0000014948abc5b0, length=36, elements={
0x0000014928e50000, 0x0000014942a36000, 0x0000014942a37800, 0x0000014942a54000,
0x0000014942a55000, 0x0000014942a56000, 0x0000014942a5b800, 0x0000014942a60800,
0x0000014942a71800, 0x000001494350b000, 0x0000014944c7e000, 0x0000014944038000,
0x0000014944e01000, 0x0000014945596000, 0x0000014944dc8800, 0x0000014944458000,
0x0000014944456800, 0x0000014944459000, 0x000001494693b000, 0x000001494693c800,
0x000001494693e000, 0x0000014946939800, 0x000001494693a000, 0x0000014946940800,
0x0000014946944000, 0x0000014948687800, 0x0000014948689000, 0x0000014948686800,
0x000001494868a000, 0x000001494868e000, 0x0000014948688800, 0x000001494868b000,
0x0000014948690800, 0x000001494868f000, 0x000001494868f800, 0x0000014948691800
}

Java Threads: ( => current thread )
  0x0000014928e50000 JavaThread "main" [_thread_blocked, id=17384, stack(0x0000000b03200000,0x0000000b03300000)]
  0x0000014942a36000 JavaThread "Reference Handler" daemon [_thread_blocked, id=2884, stack(0x0000000b03900000,0x0000000b03a00000)]
  0x0000014942a37800 JavaThread "Finalizer" daemon [_thread_blocked, id=19724, stack(0x0000000b03a00000,0x0000000b03b00000)]
  0x0000014942a54000 JavaThread "Signal Dispatcher" daemon [_thread_blocked, id=16556, stack(0x0000000b03b00000,0x0000000b03c00000)]
  0x0000014942a55000 JavaThread "Attach Listener" daemon [_thread_blocked, id=21388, stack(0x0000000b03c00000,0x0000000b03d00000)]
  0x0000014942a56000 JavaThread "Service Thread" daemon [_thread_blocked, id=2728, stack(0x0000000b03d00000,0x0000000b03e00000)]
=>0x0000014942a5b800 JavaThread "C2 CompilerThread0" daemon [_thread_in_native, id=9120, stack(0x0000000b03e00000,0x0000000b03f00000)]
  0x0000014942a60800 JavaThread "C1 CompilerThread0" daemon [_thread_blocked, id=23568, stack(0x0000000b03f00000,0x0000000b04000000)]
  0x0000014942a71800 JavaThread "Sweeper thread" daemon [_thread_blocked, id=22720, stack(0x0000000b04000000,0x0000000b04100000)]
  0x000001494350b000 JavaThread "Common-Cleaner" daemon [_thread_blocked, id=12708, stack(0x0000000b04100000,0x0000000b04200000)]
  0x0000014944c7e000 JavaThread "Daemon health stats" [_thread_blocked, id=21976, stack(0x0000000b04600000,0x0000000b04700000)]
  0x0000014944038000 JavaThread "Incoming local TCP Connector on port 57097" [_thread_in_native, id=23536, stack(0x0000000b04300000,0x0000000b04400000)]
  0x0000014944e01000 JavaThread "Daemon periodic checks" [_thread_blocked, id=12324, stack(0x0000000b04800000,0x0000000b04900000)]
  0x0000014945596000 JavaThread "Daemon" [_thread_blocked, id=18684, stack(0x0000000b04900000,0x0000000b04a00000)]
  0x0000014944dc8800 JavaThread "Daemon worker" [_thread_in_Java, id=22236, stack(0x0000000b04c00000,0x0000000b04d00000)]
  0x0000014944458000 JavaThread "Cache worker for journal cache (C:\Users\acer\.gradle\caches\journal-1)" [_thread_blocked, id=18192, stack(0x0000000b05000000,0x0000000b05100000)]
  0x0000014944456800 JavaThread "File lock request listener" [_thread_in_native, id=21208, stack(0x0000000b05100000,0x0000000b05200000)]
  0x0000014944459000 JavaThread "Cache worker for file hash cache (C:\Users\acer\.gradle\caches\7.2\fileHashes)" [_thread_blocked, id=14480, stack(0x0000000b05200000,0x0000000b05300000)]
  0x000001494693b000 JavaThread "File watcher server" daemon [_thread_in_native, id=17720, stack(0x0000000b05500000,0x0000000b05600000)]
  0x000001494693c800 JavaThread "File watcher consumer" daemon [_thread_blocked, id=17996, stack(0x0000000b05600000,0x0000000b05700000)]
  0x000001494693e000 JavaThread "Cache worker for execution history cache (C:\Users\acer\.gradle\caches\7.2\executionHistory)" [_thread_blocked, id=8356, stack(0x0000000b05a00000,0x0000000b05b00000)]
  0x0000014946939800 JavaThread "jar transforms" [_thread_blocked, id=13668, stack(0x0000000b05b00000,0x0000000b05c00000)]
  0x000001494693a000 JavaThread "Cache worker for file content cache (C:\Users\acer\.gradle\caches\7.2\fileContent)" [_thread_blocked, id=7444, stack(0x0000000b05c00000,0x0000000b05d00000)]
  0x0000014946940800 JavaThread "jar transforms Thread 2" [_thread_blocked, id=24380, stack(0x0000000b05d00000,0x0000000b05e00000)]
  0x0000014946944000 JavaThread "jar transforms Thread 3" [_thread_blocked, id=15744, stack(0x0000000b05f00000,0x0000000b06000000)]
  0x0000014948687800 JavaThread "jar transforms Thread 4" [_thread_blocked, id=21004, stack(0x0000000b08800000,0x0000000b08900000)]
  0x0000014948689000 JavaThread "Memory manager" [_thread_blocked, id=20624, stack(0x0000000b08900000,0x0000000b08a00000)]
  0x0000014948686800 JavaThread "Handler for socket connection from /127.0.0.1:57097 to /127.0.0.1:57129" [_thread_in_native, id=19208, stack(0x0000000b03000000,0x0000000b03100000)]
  0x000001494868a000 JavaThread "Cancel handler" [_thread_blocked, id=12140, stack(0x0000000b04a00000,0x0000000b04b00000)]
  0x000001494868e000 JavaThread "Asynchronous log dispatcher for DefaultDaemonConnection: socket connection from /127.0.0.1:57097 to /127.0.0.1:57129" [_thread_blocked, id=21908, stack(0x0000000b03100000,0x0000000b03200000)]
  0x0000014948688800 JavaThread "Stdin handler" [_thread_blocked, id=12960, stack(0x0000000b04b00000,0x0000000b04c00000)]
  0x000001494868b000 JavaThread "Daemon client event forwarder" [_thread_blocked, id=20912, stack(0x0000000b04d00000,0x0000000b04e00000)]
  0x0000014948690800 JavaThread "Cache worker for file hash cache (C:\Users\acer\Autoimmuneprotocollifestyle\.gradle\7.2\fileHashes)" [_thread_blocked, id=21456, stack(0x0000000b04e00000,0x0000000b04f00000)]
  0x000001494868f000 JavaThread "Cache worker for checksums cache (C:\Users\acer\Autoimmuneprotocollifestyle\.gradle\checksums)" [_thread_blocked, id=18468, stack(0x0000000b04f00000,0x0000000b05000000)]
  0x000001494868f800 JavaThread "Cache worker for cache directory md-supplier (C:\Users\acer\.gradle\caches\7.2\md-supplier)" [_thread_blocked, id=7016, stack(0x0000000b05300000,0x0000000b05400000)]
  0x0000014948691800 JavaThread "Cache worker for cache directory md-rule (C:\Users\acer\.gradle\caches\7.2\md-rule)" [_thread_blocked, id=5608, stack(0x0000000b05400000,0x0000000b05500000)]

Other Threads:
  0x0000014942a30000 VMThread "VM Thread" [stack: 0x0000000b03800000,0x0000000b03900000] [id=20312]
  0x0000014943529000 WatcherThread [stack: 0x0000000b04200000,0x0000000b04300000] [id=2412]
  0x0000014928e68000 GCTaskThread "GC Thread#0" [stack: 0x0000000b03300000,0x0000000b03400000] [id=23920]
  0x00000149435fb800 GCTaskThread "GC Thread#1" [stack: 0x0000000b04400000,0x0000000b04500000] [id=11512]
  0x0000014943767000 GCTaskThread "GC Thread#2" [stack: 0x0000000b04500000,0x0000000b04600000] [id=19096]
  0x00000149458a7800 GCTaskThread "GC Thread#3" [stack: 0x0000000b04700000,0x0000000b04800000] [id=24528]
  0x0000014928e97800 ConcurrentGCThread "G1 Main Marker" [stack: 0x0000000b03400000,0x0000000b03500000] [id=10028]
  0x0000014928e99000 ConcurrentGCThread "G1 Conc#0" [stack: 0x0000000b03500000,0x0000000b03600000] [id=18640]
  0x0000014928f26800 ConcurrentGCThread "G1 Refine#0" [stack: 0x0000000b03600000,0x0000000b03700000] [id=23692]
  0x0000014948854800 ConcurrentGCThread "G1 Refine#1" [stack: 0x0000000b08a00000,0x0000000b08b00000] [id=17348]
  0x0000014928f27800 ConcurrentGCThread "G1 Young RemSet Sampling" [stack: 0x0000000b03700000,0x0000000b03800000] [id=17328]

Threads with active compile tasks:
C2 CompilerThread0  60707 14105       4       org.gradle.internal.service.DefaultServiceRegistry$SingletonService::get (5 bytes)

VM state:not at safepoint (normal execution)

VM Mutex/Monitor currently owned by a thread: None

Heap address: 0x0000000080000000, size: 2048 MB, Compressed Oops mode: 32-bit
Narrow klass base: 0x0000000000000000, Narrow klass shift: 3
Compressed class space size: 1073741824 Address: 0x0000000100000000

Heap:
 garbage-first heap   total 225280K, used 124452K [0x0000000080000000, 0x0000000100000000)
  region size 1024K, 27 young (27648K), 8 survivors (8192K)
 Metaspace       used 99874K, capacity 102286K, committed 102384K, reserved 1138688K
  class space    used 12552K, capacity 13420K, committed 13516K, reserved 1048576K
Heap Regions: E=young(eden), S=young(survivor), O=old, HS=humongous(starts), HC=humongous(continues), CS=collection set, F=free, A=archive, TAMS=top-at-mark-start (previous, next)
|   0|0x0000000080000000, 0x0000000080100000, 0x0000000080100000|100%| O|  |TAMS 0x0000000080100000, 0x0000000080000000| Untracked 
|   1|0x0000000080100000, 0x0000000080200000, 0x0000000080200000|100%| O|  |TAMS 0x0000000080200000, 0x0000000080100000| Untracked 
|   2|0x0000000080200000, 0x0000000080300000, 0x0000000080300000|100%| O|  |TAMS 0x0000000080300000, 0x0000000080200000| Untracked 
|   3|0x0000000080300000, 0x0000000080400000, 0x0000000080400000|100%|HS|  |TAMS 0x0000000080400000, 0x0000000080300000| Complete 
|   4|0x0000000080400000, 0x0000000080500000, 0x0000000080500000|100%|HC|  |TAMS 0x0000000080500000, 0x0000000080400000| Complete 
|   5|0x0000000080500000, 0x0000000080600000, 0x0000000080600000|100%|HC|  |TAMS 0x0000000080600000, 0x0000000080500000| Complete 
|   6|0x0000000080600000, 0x0000000080700000, 0x0000000080700000|100%| O|  |TAMS 0x0000000080700000, 0x0000000080600000| Untracked 
|   7|0x0000000080700000, 0x0000000080800000, 0x0000000080800000|100%| O|  |TAMS 0x0000000080800000, 0x0000000080700000| Untracked 
|   8|0x0000000080800000, 0x0000000080900000, 0x0000000080900000|100%| O|  |TAMS 0x0000000080900000, 0x0000000080800000| Untracked 
|   9|0x0000000080900000, 0x0000000080a00000, 0x0000000080a00000|100%| O|  |TAMS 0x0000000080a00000, 0x0000000080900000| Untracked 
|  10|0x0000000080a00000, 0x0000000080b00000, 0x0000000080b00000|100%| O|  |TAMS 0x0000000080b00000, 0x0000000080a00000| Untracked 
|  11|0x0000000080b00000, 0x0000000080c00000, 0x0000000080c00000|100%| O|  |TAMS 0x0000000080c00000, 0x0000000080b00000| Untracked 
|  12|0x0000000080c00000, 0x0000000080d00000, 0x0000000080d00000|100%| O|  |TAMS 0x0000000080d00000, 0x0000000080c00000| Untracked 
|  13|0x0000000080d00000, 0x0000000080e00000, 0x0000000080e00000|100%| O|  |TAMS 0x0000000080e00000, 0x0000000080d00000| Untracked 
|  14|0x0000000080e00000, 0x0000000080f00000, 0x0000000080f00000|100%| O|  |TAMS 0x0000000080f00000, 0x0000000080e00000| Untracked 
|  15|0x0000000080f00000, 0x0000000081000000, 0x0000000081000000|100%| O|  |TAMS 0x0000000081000000, 0x0000000080f00000| Untracked 
|  16|0x0000000081000000, 0x0000000081100000, 0x0000000081100000|100%|HS|  |TAMS 0x0000000081100000, 0x0000000081000000| Complete 
|  17|0x0000000081100000, 0x0000000081200000, 0x0000000081200000|100%| O|  |TAMS 0x0000000081200000, 0x0000000081100000| Untracked 
|  18|0x0000000081200000, 0x0000000081300000, 0x0000000081300000|100%| O|  |TAMS 0x0000000081300000, 0x0000000081200000| Untracked 
|  19|0x0000000081300000, 0x0000000081400000, 0x0000000081400000|100%| O|  |TAMS 0x0000000081400000, 0x0000000081300000| Untracked 
|  20|0x0000000081400000, 0x0000000081500000, 0x0000000081500000|100%| O|  |TAMS 0x0000000081500000, 0x0000000081400000| Untracked 
|  21|0x0000000081500000, 0x0000000081600000, 0x0000000081600000|100%| O|  |TAMS 0x0000000081600000, 0x0000000081500000| Untracked 
|  22|0x0000000081600000, 0x0000000081700000, 0x0000000081700000|100%| O|  |TAMS 0x0000000081700000, 0x0000000081600000| Untracked 
|  23|0x0000000081700000, 0x0000000081800000, 0x0000000081800000|100%| O|  |TAMS 0x0000000081800000, 0x0000000081700000| Untracked 
|  24|0x0000000081800000, 0x0000000081900000, 0x0000000081900000|100%|HS|  |TAMS 0x0000000081900000, 0x0000000081800000| Complete 
|  25|0x0000000081900000, 0x0000000081a00000, 0x0000000081a00000|100%|HS|  |TAMS 0x0000000081a00000, 0x0000000081900000| Complete 
|  26|0x0000000081a00000, 0x0000000081b00000, 0x0000000081b00000|100%|HS|  |TAMS 0x0000000081b00000, 0x0000000081a00000| Complete 
|  27|0x0000000081b00000, 0x0000000081c00000, 0x0000000081c00000|100%|HC|  |TAMS 0x0000000081c00000, 0x0000000081b00000| Complete 
|  28|0x0000000081c00000, 0x0000000081d00000, 0x0000000081d00000|100%| O|  |TAMS 0x0000000081d00000, 0x0000000081c00000| Untracked 
|  29|0x0000000081d00000, 0x0000000081e00000, 0x0000000081e00000|100%| O|  |TAMS 0x0000000081e00000, 0x0000000081d00000| Untracked 
|  30|0x0000000081e00000, 0x0000000081f00000, 0x0000000081f00000|100%| O|  |TAMS 0x0000000081f00000, 0x0000000081e00000| Untracked 
|  31|0x0000000081f00000, 0x0000000082000000, 0x0000000082000000|100%| O|  |TAMS 0x0000000082000000, 0x0000000081f00000| Untracked 
|  32|0x0000000082000000, 0x0000000082100000, 0x0000000082100000|100%| O|  |TAMS 0x0000000082100000, 0x0000000082000000| Untracked 
|  33|0x0000000082100000, 0x0000000082200000, 0x0000000082200000|100%| O|  |TAMS 0x0000000082200000, 0x0000000082100000| Untracked 
|  34|0x0000000082200000, 0x0000000082300000, 0x0000000082300000|100%| O|  |TAMS 0x0000000082300000, 0x0000000082200000| Untracked 
|  35|0x0000000082300000, 0x0000000082400000, 0x0000000082400000|100%| O|  |TAMS 0x0000000082400000, 0x0000000082300000| Untracked 
|  36|0x0000000082400000, 0x0000000082500000, 0x0000000082500000|100%| O|  |TAMS 0x0000000082500000, 0x0000000082400000| Untracked 
|  37|0x0000000082500000, 0x0000000082600000, 0x0000000082600000|100%| O|  |TAMS 0x0000000082600000, 0x0000000082500000| Untracked 
|  38|0x0000000082600000, 0x0000000082700000, 0x0000000082700000|100%| O|  |TAMS 0x0000000082700000, 0x0000000082600000| Untracked 
|  39|0x0000000082700000, 0x0000000082800000, 0x0000000082800000|100%| O|  |TAMS 0x0000000082800000, 0x0000000082700000| Untracked 
|  40|0x0000000082800000, 0x0000000082900000, 0x0000000082900000|100%| O|  |TAMS 0x0000000082900000, 0x0000000082800000| Untracked 
|  41|0x0000000082900000, 0x0000000082a00000, 0x0000000082a00000|100%| O|  |TAMS 0x0000000082a00000, 0x0000000082900000| Untracked 
|  42|0x0000000082a00000, 0x0000000082b00000, 0x0000000082b00000|100%| O|  |TAMS 0x0000000082b00000, 0x0000000082a00000| Untracked 
|  43|0x0000000082b00000, 0x0000000082c00000, 0x0000000082c00000|100%| O|  |TAMS 0x0000000082c00000, 0x0000000082b00000| Untracked 
|  44|0x0000000082c00000, 0x0000000082d00000, 0x0000000082d00000|100%| O|  |TAMS 0x0000000082d00000, 0x0000000082c00000| Untracked 
|  45|0x0000000082d00000, 0x0000000082e00000, 0x0000000082e00000|100%| O|  |TAMS 0x0000000082e00000, 0x0000000082d00000| Untracked 
|  46|0x0000000082e00000, 0x0000000082f00000, 0x0000000082f00000|100%| O|  |TAMS 0x0000000082f00000, 0x0000000082e00000| Untracked 
|  47|0x0000000082f00000, 0x0000000083000000, 0x0000000083000000|100%| O|  |TAMS 0x0000000083000000, 0x0000000082f00000| Untracked 
|  48|0x0000000083000000, 0x0000000083100000, 0x0000000083100000|100%| O|  |TAMS 0x0000000083100000, 0x0000000083000000| Untracked 
|  49|0x0000000083100000, 0x0000000083200000, 0x0000000083200000|100%| O|  |TAMS 0x0000000083200000, 0x0000000083100000| Untracked 
|  50|0x0000000083200000, 0x0000000083300000, 0x0000000083300000|100%| O|  |TAMS 0x0000000083300000, 0x0000000083200000| Untracked 
|  51|0x0000000083300000, 0x0000000083400000, 0x0000000083400000|100%| O|  |TAMS 0x0000000083400000, 0x0000000083300000| Untracked 
|  52|0x0000000083400000, 0x0000000083500000, 0x0000000083500000|100%| O|  |TAMS 0x0000000083500000, 0x0000000083400000| Untracked 
|  53|0x0000000083500000, 0x0000000083600000, 0x0000000083600000|100%| O|  |TAMS 0x0000000083600000, 0x0000000083500000| Untracked 
|  54|0x0000000083600000, 0x0000000083700000, 0x0000000083700000|100%| O|  |TAMS 0x0000000083700000, 0x0000000083600000| Untracked 
|  55|0x0000000083700000, 0x0000000083800000, 0x0000000083800000|100%| O|  |TAMS 0x0000000083800000, 0x0000000083700000| Untracked 
|  56|0x0000000083800000, 0x0000000083900000, 0x0000000083900000|100%| O|  |TAMS 0x0000000083900000, 0x0000000083800000| Untracked 
|  57|0x0000000083900000, 0x0000000083a00000, 0x0000000083a00000|100%| O|  |TAMS 0x0000000083a00000, 0x0000000083900000| Untracked 
|  58|0x0000000083a00000, 0x0000000083b00000, 0x0000000083b00000|100%| O|  |TAMS 0x0000000083b00000, 0x0000000083a00000| Untracked 
|  59|0x0000000083b00000, 0x0000000083c00000, 0x0000000083c00000|100%| O|  |TAMS 0x0000000083c00000, 0x0000000083b00000| Untracked 
|  60|0x0000000083c00000, 0x0000000083d00000, 0x0000000083d00000|100%| O|  |TAMS 0x0000000083d00000, 0x0000000083c00000| Untracked 
|  61|0x0000000083d00000, 0x0000000083e00000, 0x0000000083e00000|100%| O|  |TAMS 0x0000000083e00000, 0x0000000083d00000| Untracked 
|  62|0x0000000083e00000, 0x0000000083f00000, 0x0000000083f00000|100%| O|  |TAMS 0x0000000083f00000, 0x0000000083e00000| Untracked 
|  63|0x0000000083f00000, 0x0000000084000000, 0x0000000084000000|100%| O|  |TAMS 0x0000000084000000, 0x0000000083f00000| Untracked 
|  64|0x0000000084000000, 0x0000000084100000, 0x0000000084100000|100%| O|  |TAMS 0x0000000084100000, 0x0000000084000000| Untracked 
|  65|0x0000000084100000, 0x0000000084200000, 0x0000000084200000|100%| O|  |TAMS 0x0000000084200000, 0x0000000084100000| Untracked 
|  66|0x0000000084200000, 0x0000000084300000, 0x0000000084300000|100%| O|  |TAMS 0x0000000084300000, 0x0000000084200000| Untracked 
|  67|0x0000000084300000, 0x0000000084400000, 0x0000000084400000|100%| O|  |TAMS 0x0000000084400000, 0x0000000084300000| Untracked 
|  68|0x0000000084400000, 0x0000000084500000, 0x0000000084500000|100%| O|  |TAMS 0x0000000084500000, 0x0000000084400000| Untracked 
|  69|0x0000000084500000, 0x0000000084600000, 0x0000000084600000|100%| O|  |TAMS 0x0000000084600000, 0x0000000084500000| Untracked 
|  70|0x0000000084600000, 0x0000000084700000, 0x0000000084700000|100%| O|  |TAMS 0x0000000084700000, 0x0000000084600000| Untracked 
|  71|0x0000000084700000, 0x0000000084800000, 0x0000000084800000|100%| O|  |TAMS 0x0000000084800000, 0x0000000084700000| Untracked 
|  72|0x0000000084800000, 0x0000000084900000, 0x0000000084900000|100%| O|  |TAMS 0x0000000084900000, 0x0000000084800000| Untracked 
|  73|0x0000000084900000, 0x0000000084a00000, 0x0000000084a00000|100%| O|  |TAMS 0x0000000084900000, 0x0000000084900000| Untracked 
|  74|0x0000000084a00000, 0x0000000084b00000, 0x0000000084b00000|100%| O|  |TAMS 0x0000000084a00000, 0x0000000084a00000| Untracked 
|  75|0x0000000084b00000, 0x0000000084c00000, 0x0000000084c00000|100%| O|  |TAMS 0x0000000084c00000, 0x0000000084b00000| Untracked 
|  76|0x0000000084c00000, 0x0000000084d00000, 0x0000000084d00000|100%| O|  |TAMS 0x0000000084d00000, 0x0000000084c00000| Untracked 
|  77|0x0000000084d00000, 0x0000000084e00000, 0x0000000084e00000|100%| O|  |TAMS 0x0000000084e00000, 0x0000000084d00000| Untracked 
|  78|0x0000000084e00000, 0x0000000084f00000, 0x0000000084f00000|100%| O|  |TAMS 0x0000000084f00000, 0x0000000084e00000| Untracked 
|  79|0x0000000084f00000, 0x0000000085000000, 0x0000000085000000|100%| O|  |TAMS 0x0000000085000000, 0x0000000084f00000| Untracked 
|  80|0x0000000085000000, 0x0000000085100000, 0x0000000085100000|100%| O|  |TAMS 0x0000000085100000, 0x0000000085000000| Untracked 
|  81|0x0000000085100000, 0x0000000085200000, 0x0000000085200000|100%| O|  |TAMS 0x0000000085100000, 0x0000000085100000| Untracked 
|  82|0x0000000085200000, 0x0000000085300000, 0x0000000085300000|100%| O|  |TAMS 0x0000000085200000, 0x0000000085200000| Untracked 
|  83|0x0000000085300000, 0x0000000085400000, 0x0000000085400000|100%| O|  |TAMS 0x0000000085300000, 0x0000000085300000| Untracked 
|  84|0x0000000085400000, 0x0000000085500000, 0x0000000085500000|100%| O|  |TAMS 0x0000000085400000, 0x0000000085400000| Untracked 
|  85|0x0000000085500000, 0x0000000085600000, 0x0000000085600000|100%| O|  |TAMS 0x0000000085500000, 0x0000000085500000| Untracked 
|  86|0x0000000085600000, 0x0000000085700000, 0x0000000085700000|100%| O|  |TAMS 0x0000000085600000, 0x0000000085600000| Untracked 
|  87|0x0000000085700000, 0x0000000085800000, 0x0000000085800000|100%| O|  |TAMS 0x0000000085800000, 0x0000000085700000| Untracked 
|  88|0x0000000085800000, 0x0000000085900000, 0x0000000085900000|100%| O|  |TAMS 0x0000000085800000, 0x0000000085800000| Untracked 
|  89|0x0000000085900000, 0x00000000859b6200, 0x0000000085a00000| 71%| O|  |TAMS 0x0000000085900000, 0x0000000085900000| Untracked 
|  90|0x0000000085a00000, 0x0000000085a00000, 0x0000000085b00000|  0%| F|  |TAMS 0x0000000085a00000, 0x0000000085a00000| Untracked 
|  91|0x0000000085b00000, 0x0000000085b00000, 0x0000000085c00000|  0%| F|  |TAMS 0x0000000085b00000, 0x0000000085b00000| Untracked 
|  92|0x0000000085c00000, 0x0000000085c00000, 0x0000000085d00000|  0%| F|  |TAMS 0x0000000085c00000, 0x0000000085c00000| Untracked 
|  93|0x0000000085d00000, 0x0000000085e00000, 0x0000000085e00000|100%| O|  |TAMS 0x0000000085e00000, 0x0000000085d00000| Untracked 
|  94|0x0000000085e00000, 0x0000000085e00000, 0x0000000085f00000|  0%| F|  |TAMS 0x0000000085e00000, 0x0000000085e00000| Untracked 
|  95|0x0000000085f00000, 0x0000000085f00000, 0x0000000086000000|  0%| F|  |TAMS 0x0000000085f00000, 0x0000000085f00000| Untracked 
|  96|0x0000000086000000, 0x0000000086000000, 0x0000000086100000|  0%| F|  |TAMS 0x0000000086000000, 0x0000000086000000| Untracked 
|  97|0x0000000086100000, 0x0000000086100000, 0x0000000086200000|  0%| F|  |TAMS 0x0000000086100000, 0x0000000086100000| Untracked 
|  98|0x0000000086200000, 0x0000000086200000, 0x0000000086300000|  0%| F|  |TAMS 0x0000000086200000, 0x0000000086200000| Untracked 
|  99|0x0000000086300000, 0x0000000086400000, 0x0000000086400000|100%| O|  |TAMS 0x0000000086400000, 0x0000000086300000| Untracked 
| 100|0x0000000086400000, 0x0000000086400000, 0x0000000086500000|  0%| F|  |TAMS 0x0000000086400000, 0x0000000086400000| Untracked 
| 101|0x0000000086500000, 0x0000000086500000, 0x0000000086600000|  0%| F|  |TAMS 0x0000000086500000, 0x0000000086500000| Untracked 
| 102|0x0000000086600000, 0x0000000086600000, 0x0000000086700000|  0%| F|  |TAMS 0x0000000086600000, 0x0000000086600000| Untracked 
| 103|0x0000000086700000, 0x0000000086700000, 0x0000000086800000|  0%| F|  |TAMS 0x0000000086700000, 0x0000000086700000| Untracked 
| 104|0x0000000086800000, 0x0000000086900000, 0x0000000086900000|100%| O|  |TAMS 0x0000000086900000, 0x0000000086800000| Untracked 
| 105|0x0000000086900000, 0x0000000086a00000, 0x0000000086a00000|100%| O|  |TAMS 0x0000000086a00000, 0x0000000086900000| Untracked 
| 106|0x0000000086a00000, 0x0000000086b00000, 0x0000000086b00000|100%| O|  |TAMS 0x0000000086a48e00, 0x0000000086a00000| Untracked 
| 107|0x0000000086b00000, 0x0000000086b00000, 0x0000000086c00000|  0%| F|  |TAMS 0x0000000086b00000, 0x0000000086b00000| Untracked 
| 108|0x0000000086c00000, 0x0000000086c00000, 0x0000000086d00000|  0%| F|  |TAMS 0x0000000086c00000, 0x0000000086c00000| Untracked 
| 109|0x0000000086d00000, 0x0000000086d00000, 0x0000000086e00000|  0%| F|  |TAMS 0x0000000086d00000, 0x0000000086d00000| Untracked 
| 110|0x0000000086e00000, 0x0000000086e00000, 0x0000000086f00000|  0%| F|  |TAMS 0x0000000086e00000, 0x0000000086e00000| Untracked 
| 111|0x0000000086f00000, 0x0000000086f00000, 0x0000000087000000|  0%| F|  |TAMS 0x0000000086f00000, 0x0000000086f00000| Untracked 
| 112|0x0000000087000000, 0x0000000087000000, 0x0000000087100000|  0%| F|  |TAMS 0x0000000087000000, 0x0000000087000000| Untracked 
| 113|0x0000000087100000, 0x0000000087100000, 0x0000000087200000|  0%| F|  |TAMS 0x0000000087100000, 0x0000000087100000| Untracked 
| 114|0x0000000087200000, 0x0000000087200000, 0x0000000087300000|  0%| F|  |TAMS 0x0000000087200000, 0x0000000087200000| Untracked 
| 115|0x0000000087300000, 0x0000000087300000, 0x0000000087400000|  0%| F|  |TAMS 0x0000000087300000, 0x0000000087300000| Untracked 
| 116|0x0000000087400000, 0x0000000087400000, 0x0000000087500000|  0%| F|  |TAMS 0x0000000087400000, 0x0000000087400000| Untracked 
| 117|0x0000000087500000, 0x0000000087500000, 0x0000000087600000|  0%| F|  |TAMS 0x0000000087500000, 0x0000000087500000| Untracked 
| 118|0x0000000087600000, 0x0000000087600000, 0x0000000087700000|  0%| F|  |TAMS 0x0000000087600000, 0x0000000087600000| Untracked 
| 119|0x0000000087700000, 0x0000000087700000, 0x0000000087800000|  0%| F|  |TAMS 0x0000000087700000, 0x0000000087700000| Untracked 
| 120|0x0000000087800000, 0x0000000087800000, 0x0000000087900000|  0%| F|  |TAMS 0x0000000087800000, 0x0000000087800000| Untracked 
| 121|0x0000000087900000, 0x0000000087900000, 0x0000000087a00000|  0%| F|  |TAMS 0x0000000087900000, 0x0000000087900000| Untracked 
| 122|0x0000000087a00000, 0x0000000087a00000, 0x0000000087b00000|  0%| F|  |TAMS 0x0000000087a00000, 0x0000000087a00000| Untracked 
| 123|0x0000000087b00000, 0x0000000087b00000, 0x0000000087c00000|  0%| F|  |TAMS 0x0000000087b00000, 0x0000000087b00000| Untracked 
| 124|0x0000000087c00000, 0x0000000087c00000, 0x0000000087d00000|  0%| F|  |TAMS 0x0000000087c00000, 0x0000000087c00000| Untracked 
| 125|0x0000000087d00000, 0x0000000087d00000, 0x0000000087e00000|  0%| F|  |TAMS 0x0000000087d00000, 0x0000000087d00000| Untracked 
| 126|0x0000000087e00000, 0x0000000087e00000, 0x0000000087f00000|  0%| F|  |TAMS 0x0000000087e00000, 0x0000000087e00000| Untracked 
| 127|0x0000000087f00000, 0x0000000087f00000, 0x0000000088000000|  0%| F|  |TAMS 0x0000000087f00000, 0x0000000087f00000| Untracked 
| 128|0x0000000088000000, 0x0000000088000000, 0x0000000088100000|  0%| F|  |TAMS 0x0000000088000000, 0x0000000088000000| Untracked 
| 129|0x0000000088100000, 0x0000000088100000, 0x0000000088200000|  0%| F|  |TAMS 0x0000000088100000, 0x0000000088100000| Untracked 
| 130|0x0000000088200000, 0x0000000088200000, 0x0000000088300000|  0%| F|  |TAMS 0x0000000088200000, 0x0000000088200000| Untracked 
| 131|0x0000000088300000, 0x0000000088300000, 0x0000000088400000|  0%| F|  |TAMS 0x0000000088300000, 0x0000000088300000| Untracked 
| 132|0x0000000088400000, 0x0000000088400000, 0x0000000088500000|  0%| F|  |TAMS 0x0000000088400000, 0x0000000088400000| Untracked 
| 133|0x0000000088500000, 0x0000000088500000, 0x0000000088600000|  0%| F|  |TAMS 0x0000000088500000, 0x0000000088500000| Untracked 
| 134|0x0000000088600000, 0x0000000088600000, 0x0000000088700000|  0%| F|  |TAMS 0x0000000088600000, 0x0000000088600000| Untracked 
| 135|0x0000000088700000, 0x0000000088700000, 0x0000000088800000|  0%| F|  |TAMS 0x0000000088700000, 0x0000000088700000| Untracked 
| 136|0x0000000088800000, 0x00000000888d3080, 0x0000000088900000| 82%| S|CS|TAMS 0x0000000088800000, 0x0000000088800000| Complete 
| 137|0x0000000088900000, 0x0000000088a00000, 0x0000000088a00000|100%| O|  |TAMS 0x0000000088a00000, 0x0000000088900000| Untracked 
| 138|0x0000000088a00000, 0x0000000088b00000, 0x0000000088b00000|100%| S|CS|TAMS 0x0000000088a00000, 0x0000000088a00000| Complete 
| 139|0x0000000088b00000, 0x0000000088c00000, 0x0000000088c00000|100%| S|CS|TAMS 0x0000000088b00000, 0x0000000088b00000| Complete 
| 140|0x0000000088c00000, 0x0000000088d00000, 0x0000000088d00000|100%| S|CS|TAMS 0x0000000088c00000, 0x0000000088c00000| Complete 
| 141|0x0000000088d00000, 0x0000000088e00000, 0x0000000088e00000|100%| S|CS|TAMS 0x0000000088d00000, 0x0000000088d00000| Complete 
| 142|0x0000000088e00000, 0x0000000088f00000, 0x0000000088f00000|100%| O|  |TAMS 0x0000000088f00000, 0x0000000088e00000| Untracked 
| 143|0x0000000088f00000, 0x0000000088f00000, 0x0000000089000000|  0%| F|  |TAMS 0x0000000088f00000, 0x0000000088f00000| Untracked 
| 144|0x0000000089000000, 0x0000000089000000, 0x0000000089100000|  0%| F|  |TAMS 0x0000000089000000, 0x0000000089000000| Untracked 
| 145|0x0000000089100000, 0x0000000089100000, 0x0000000089200000|  0%| F|  |TAMS 0x0000000089100000, 0x0000000089100000| Untracked 
| 146|0x0000000089200000, 0x0000000089200000, 0x0000000089300000|  0%| F|  |TAMS 0x0000000089200000, 0x0000000089200000| Untracked 
| 147|0x0000000089300000, 0x0000000089300000, 0x0000000089400000|  0%| F|  |TAMS 0x0000000089300000, 0x0000000089300000| Untracked 
| 148|0x0000000089400000, 0x0000000089400000, 0x0000000089500000|  0%| F|  |TAMS 0x0000000089400000, 0x0000000089400000| Untracked 
| 149|0x0000000089500000, 0x0000000089500000, 0x0000000089600000|  0%| F|  |TAMS 0x0000000089500000, 0x0000000089500000| Untracked 
| 150|0x0000000089600000, 0x0000000089700000, 0x0000000089700000|100%| S|CS|TAMS 0x0000000089600000, 0x0000000089600000| Complete 
| 151|0x0000000089700000, 0x0000000089800000, 0x0000000089800000|100%| S|CS|TAMS 0x0000000089700000, 0x0000000089700000| Complete 
| 152|0x0000000089800000, 0x0000000089900000, 0x0000000089900000|100%| S|CS|TAMS 0x0000000089800000, 0x0000000089800000| Complete 
| 153|0x0000000089900000, 0x0000000089900000, 0x0000000089a00000|  0%| F|  |TAMS 0x0000000089900000, 0x0000000089900000| Untracked 
| 154|0x0000000089a00000, 0x0000000089a00000, 0x0000000089b00000|  0%| F|  |TAMS 0x0000000089a00000, 0x0000000089a00000| Untracked 
| 155|0x0000000089b00000, 0x0000000089b00000, 0x0000000089c00000|  0%| F|  |TAMS 0x0000000089b00000, 0x0000000089b00000| Untracked 
| 156|0x0000000089c00000, 0x0000000089c00000, 0x0000000089d00000|  0%| F|  |TAMS 0x0000000089c00000, 0x0000000089c00000| Untracked 
| 157|0x0000000089d00000, 0x0000000089d00000, 0x0000000089e00000|  0%| F|  |TAMS 0x0000000089d00000, 0x0000000089d00000| Untracked 
| 158|0x0000000089e00000, 0x0000000089e00000, 0x0000000089f00000|  0%| F|  |TAMS 0x0000000089e00000, 0x0000000089e00000| Untracked 
| 159|0x0000000089f00000, 0x0000000089f00000, 0x000000008a000000|  0%| F|  |TAMS 0x0000000089f00000, 0x0000000089f00000| Untracked 
| 160|0x000000008a000000, 0x000000008a000000, 0x000000008a100000|  0%| F|  |TAMS 0x000000008a000000, 0x000000008a000000| Untracked 
| 161|0x000000008a100000, 0x000000008a100000, 0x000000008a200000|  0%| F|  |TAMS 0x000000008a100000, 0x000000008a100000| Untracked 
| 162|0x000000008a200000, 0x000000008a200000, 0x000000008a300000|  0%| F|  |TAMS 0x000000008a200000, 0x000000008a200000| Untracked 
| 163|0x000000008a300000, 0x000000008a300000, 0x000000008a400000|  0%| F|  |TAMS 0x000000008a300000, 0x000000008a300000| Untracked 
| 164|0x000000008a400000, 0x000000008a400000, 0x000000008a500000|  0%| F|  |TAMS 0x000000008a400000, 0x000000008a400000| Untracked 
| 165|0x000000008a500000, 0x000000008a500000, 0x000000008a600000|  0%| F|  |TAMS 0x000000008a500000, 0x000000008a500000| Untracked 
| 166|0x000000008a600000, 0x000000008a600000, 0x000000008a700000|  0%| F|  |TAMS 0x000000008a600000, 0x000000008a600000| Untracked 
| 167|0x000000008a700000, 0x000000008a700000, 0x000000008a800000|  0%| F|  |TAMS 0x000000008a700000, 0x000000008a700000| Untracked 
| 168|0x000000008a800000, 0x000000008a800000, 0x000000008a900000|  0%| F|  |TAMS 0x000000008a800000, 0x000000008a800000| Untracked 
| 169|0x000000008a900000, 0x000000008a900000, 0x000000008aa00000|  0%| F|  |TAMS 0x000000008a900000, 0x000000008a900000| Untracked 
| 170|0x000000008aa00000, 0x000000008aa00000, 0x000000008ab00000|  0%| F|  |TAMS 0x000000008aa00000, 0x000000008aa00000| Untracked 
| 171|0x000000008ab00000, 0x000000008ab00000, 0x000000008ac00000|  0%| F|  |TAMS 0x000000008ab00000, 0x000000008ab00000| Untracked 
| 172|0x000000008ac00000, 0x000000008ac00000, 0x000000008ad00000|  0%| F|  |TAMS 0x000000008ac00000, 0x000000008ac00000| Untracked 
| 173|0x000000008ad00000, 0x000000008ad00000, 0x000000008ae00000|  0%| F|  |TAMS 0x000000008ad00000, 0x000000008ad00000| Untracked 
| 174|0x000000008ae00000, 0x000000008ae00000, 0x000000008af00000|  0%| F|  |TAMS 0x000000008ae00000, 0x000000008ae00000| Untracked 
| 175|0x000000008af00000, 0x000000008af00000, 0x000000008b000000|  0%| F|  |TAMS 0x000000008af00000, 0x000000008af00000| Untracked 
| 176|0x000000008b000000, 0x000000008b000000, 0x000000008b100000|  0%| F|  |TAMS 0x000000008b000000, 0x000000008b000000| Untracked 
| 177|0x000000008b100000, 0x000000008b100000, 0x000000008b200000|  0%| F|  |TAMS 0x000000008b100000, 0x000000008b100000| Untracked 
| 178|0x000000008b200000, 0x000000008b200000, 0x000000008b300000|  0%| F|  |TAMS 0x000000008b200000, 0x000000008b200000| Untracked 
| 179|0x000000008b300000, 0x000000008b300000, 0x000000008b400000|  0%| F|  |TAMS 0x000000008b300000, 0x000000008b300000| Untracked 
| 180|0x000000008b400000, 0x000000008b400000, 0x000000008b500000|  0%| F|  |TAMS 0x000000008b400000, 0x000000008b400000| Untracked 
| 181|0x000000008b500000, 0x000000008b500000, 0x000000008b600000|  0%| F|  |TAMS 0x000000008b500000, 0x000000008b500000| Untracked 
| 182|0x000000008b600000, 0x000000008b600000, 0x000000008b700000|  0%| F|  |TAMS 0x000000008b600000, 0x000000008b600000| Untracked 
| 183|0x000000008b700000, 0x000000008b700000, 0x000000008b800000|  0%| F|  |TAMS 0x000000008b700000, 0x000000008b700000| Untracked 
| 184|0x000000008b800000, 0x000000008b800000, 0x000000008b900000|  0%| F|  |TAMS 0x000000008b800000, 0x000000008b800000| Untracked 
| 185|0x000000008b900000, 0x000000008b900000, 0x000000008ba00000|  0%| F|  |TAMS 0x000000008b900000, 0x000000008b900000| Untracked 
| 186|0x000000008ba00000, 0x000000008ba00000, 0x000000008bb00000|  0%| F|  |TAMS 0x000000008ba00000, 0x000000008ba00000| Untracked 
| 187|0x000000008bb00000, 0x000000008bb00000, 0x000000008bc00000|  0%| F|  |TAMS 0x000000008bb00000, 0x000000008bb00000| Untracked 
| 188|0x000000008bc00000, 0x000000008bc00000, 0x000000008bd00000|  0%| F|  |TAMS 0x000000008bc00000, 0x000000008bc00000| Untracked 
| 189|0x000000008bd00000, 0x000000008bd00000, 0x000000008be00000|  0%| F|  |TAMS 0x000000008bd00000, 0x000000008bd00000| Untracked 
| 190|0x000000008be00000, 0x000000008be00000, 0x000000008bf00000|  0%| F|  |TAMS 0x000000008be00000, 0x000000008be00000| Untracked 
| 191|0x000000008bf00000, 0x000000008bf00000, 0x000000008c000000|  0%| F|  |TAMS 0x000000008bf00000, 0x000000008bf00000| Untracked 
| 192|0x000000008c000000, 0x000000008c000000, 0x000000008c100000|  0%| F|  |TAMS 0x000000008c000000, 0x000000008c000000| Untracked 
| 193|0x000000008c100000, 0x000000008c100000, 0x000000008c200000|  0%| F|  |TAMS 0x000000008c100000, 0x000000008c100000| Untracked 
| 194|0x000000008c200000, 0x000000008c200000, 0x000000008c300000|  0%| F|  |TAMS 0x000000008c200000, 0x000000008c200000| Untracked 
| 195|0x000000008c300000, 0x000000008c300000, 0x000000008c400000|  0%| F|  |TAMS 0x000000008c300000, 0x000000008c300000| Untracked 
| 196|0x000000008c400000, 0x000000008c400000, 0x000000008c500000|  0%| F|  |TAMS 0x000000008c400000, 0x000000008c400000| Untracked 
| 197|0x000000008c500000, 0x000000008c500000, 0x000000008c600000|  0%| F|  |TAMS 0x000000008c500000, 0x000000008c500000| Untracked 
| 198|0x000000008c600000, 0x000000008c600000, 0x000000008c700000|  0%| F|  |TAMS 0x000000008c600000, 0x000000008c600000| Untracked 
| 199|0x000000008c700000, 0x000000008c700000, 0x000000008c800000|  0%| F|  |TAMS 0x000000008c700000, 0x000000008c700000| Untracked 
| 200|0x000000008c800000, 0x000000008c800000, 0x000000008c900000|  0%| F|  |TAMS 0x000000008c800000, 0x000000008c800000| Untracked 
| 201|0x000000008c900000, 0x000000008c900800, 0x000000008ca00000|  0%| E|  |TAMS 0x000000008c900000, 0x000000008c900000| Complete 
| 202|0x000000008ca00000, 0x000000008cb00000, 0x000000008cb00000|100%| E|CS|TAMS 0x000000008ca00000, 0x000000008ca00000| Complete 
| 203|0x000000008cb00000, 0x000000008cc00000, 0x000000008cc00000|100%| E|CS|TAMS 0x000000008cb00000, 0x000000008cb00000| Complete 
| 204|0x000000008cc00000, 0x000000008cd00000, 0x000000008cd00000|100%| E|CS|TAMS 0x000000008cc00000, 0x000000008cc00000| Complete 
| 205|0x000000008cd00000, 0x000000008ce00000, 0x000000008ce00000|100%| E|CS|TAMS 0x000000008cd00000, 0x000000008cd00000| Complete 
| 206|0x000000008ce00000, 0x000000008cf00000, 0x000000008cf00000|100%| E|CS|TAMS 0x000000008ce00000, 0x000000008ce00000| Complete 
| 207|0x000000008cf00000, 0x000000008d000000, 0x000000008d000000|100%| E|CS|TAMS 0x000000008cf00000, 0x000000008cf00000| Complete 
| 208|0x000000008d000000, 0x000000008d100000, 0x000000008d100000|100%| E|CS|TAMS 0x000000008d000000, 0x000000008d000000| Complete 
| 209|0x000000008d100000, 0x000000008d200000, 0x000000008d200000|100%| E|CS|TAMS 0x000000008d100000, 0x000000008d100000| Complete 
| 210|0x000000008d200000, 0x000000008d300000, 0x000000008d300000|100%| E|CS|TAMS 0x000000008d200000, 0x000000008d200000| Complete 
| 211|0x000000008d300000, 0x000000008d400000, 0x000000008d400000|100%| E|CS|TAMS 0x000000008d300000, 0x000000008d300000| Complete 
| 212|0x000000008d400000, 0x000000008d500000, 0x000000008d500000|100%| E|CS|TAMS 0x000000008d400000, 0x000000008d400000| Complete 
| 213|0x000000008d500000, 0x000000008d600000, 0x000000008d600000|100%| E|CS|TAMS 0x000000008d500000, 0x000000008d500000| Complete 
| 214|0x000000008d600000, 0x000000008d700000, 0x000000008d700000|100%| E|CS|TAMS 0x000000008d600000, 0x000000008d600000| Complete 
| 215|0x000000008d700000, 0x000000008d800000, 0x000000008d800000|100%| E|CS|TAMS 0x000000008d700000, 0x000000008d700000| Complete 
| 216|0x000000008d800000, 0x000000008d900000, 0x000000008d900000|100%| E|  |TAMS 0x000000008d800000, 0x000000008d800000| Complete 
| 217|0x000000008d900000, 0x000000008da00000, 0x000000008da00000|100%| E|CS|TAMS 0x000000008d900000, 0x000000008d900000| Complete 
| 218|0x000000008da00000, 0x000000008db00000, 0x000000008db00000|100%| E|CS|TAMS 0x000000008da00000, 0x000000008da00000| Complete 
| 219|0x000000008db00000, 0x000000008dc00000, 0x000000008dc00000|100%| E|CS|TAMS 0x000000008db00000, 0x000000008db00000| Complete 

Card table byte_map: [0x000001493bd50000,0x000001493c150000] _byte_map_base: 0x000001493b950000

Marking Bits (Prev, Next): (CMBitMap*) 0x0000014928e8eeb0, (CMBitMap*) 0x0000014928e8ee78
 Prev Bits: [0x000001493e550000, 0x0000014940550000)
 Next Bits: [0x000001493c550000, 0x000001493e550000)

Polling page: 0x0000014928630000

Metaspace:

Usage:
  Non-class:     86.78 MB capacity,    85.28 MB ( 98%) used,     1.24 MB (  1%) free+waste,   276.81 KB ( <1%) overhead. 
      Class:     13.11 MB capacity,    12.26 MB ( 94%) used,   744.96 KB (  6%) free+waste,   122.75 KB ( <1%) overhead. 
       Both:     99.89 MB capacity,    97.53 MB ( 98%) used,     1.97 MB (  2%) free+waste,   399.56 KB ( <1%) overhead. 

Virtual space:
  Non-class space:       88.00 MB reserved,      86.79 MB ( 99%) committed 
      Class space:        1.00 GB reserved,      13.20 MB (  1%) committed 
             Both:        1.09 GB reserved,      99.98 MB (  9%) committed 

Chunk freelists:
   Non-Class:  2.00 KB
       Class:  0 bytes
        Both:  2.00 KB

MaxMetaspaceSize: 17179869184.00 GB
CompressedClassSpaceSize: 1.00 GB

CodeHeap 'non-profiled nmethods': size=120064Kb used=8952Kb max_used=8952Kb free=111111Kb
 bounds [0x0000014934410000, 0x0000014934cd0000, 0x000001493b950000]
CodeHeap 'profiled nmethods': size=120000Kb used=30573Kb max_used=30573Kb free=89426Kb
 bounds [0x000001492cee0000, 0x000001492ecc0000, 0x0000014934410000]
CodeHeap 'non-nmethods': size=5696Kb used=2312Kb max_used=2354Kb free=3383Kb
 bounds [0x000001492c950000, 0x000001492cbc0000, 0x000001492cee0000]
 total_blobs=14830 nmethods=13907 adapters=834
 compilation: enabled
              stopped_count=0, restarted_count=0
 full_count=0

Compilation events (20 events):
Event: 60.237 Thread 0x0000014942a5b800 nmethod 14095 0x0000014934ccb390 code [0x0000014934ccb540, 0x0000014934ccbb18]
Event: 60.237 Thread 0x0000014942a5b800 14096       4       org.gradle.internal.service.DefaultServiceRegistry::find (142 bytes)
Event: 60.238 Thread 0x0000014942a60800 14097       3       org.gradle.internal.remote.internal.inet.SocketConnection$SocketOutputStream::writeWithNonBlockingRetry (52 bytes)
Event: 60.239 Thread 0x0000014942a60800 nmethod 14097 0x000001492ecb9a90 code [0x000001492ecb9c80, 0x000001492ecba128]
Event: 60.244 Thread 0x0000014942a5b800 nmethod 14096 0x0000014934ccbc90 code [0x0000014934ccbea0, 0x0000014934ccc3d0]
Event: 60.244 Thread 0x0000014942a5b800 14098       4       org.gradle.internal.service.DefaultServiceRegistry::isSatisfiedBy (44 bytes)
Event: 60.244 Thread 0x0000014942a60800 14100       1       org.gradle.cache.PersistentIndexedCacheParameters::getCacheName (5 bytes)
Event: 60.244 Thread 0x0000014942a60800 nmethod 14100 0x0000014934ccc890 code [0x0000014934ccca40, 0x0000014934cccaf8]
Event: 60.245 Thread 0x0000014942a60800 14101       1       org.gradle.internal.snapshot.AbstractListChildMap::isEmpty (2 bytes)
Event: 60.245 Thread 0x0000014942a60800 nmethod 14101 0x0000014934cccb90 code [0x0000014934cccd40, 0x0000014934cccdf8]
Event: 60.251 Thread 0x0000014942a5b800 nmethod 14098 0x0000014934ccce90 code [0x0000014934ccd0a0, 0x0000014934ccd5f8]
Event: 60.251 Thread 0x0000014942a5b800 14099       4       java.util.concurrent.ConcurrentLinkedQueue::add (6 bytes)
Event: 60.259 Thread 0x0000014942a5b800 nmethod 14099 0x0000014934ccdb10 code [0x0000014934ccdcc0, 0x0000014934cce098]
Event: 60.344 Thread 0x0000014942a60800 14102       3       java.util.regex.CharPredicates$$Lambda$9/0x0000000100064440::is (5 bytes)
Event: 60.345 Thread 0x0000014942a60800 nmethod 14102 0x000001492ecba310 code [0x000001492ecba500, 0x000001492ecba8f8]
Event: 60.345 Thread 0x0000014942a60800 14103       3       java.util.regex.CharPredicates::lambda$ASCII_WORD$16 (20 bytes)
Event: 60.345 Thread 0x0000014942a60800 nmethod 14103 0x000001492ecbaa90 code [0x000001492ecbac60, 0x000001492ecbafd8]
Event: 60.345 Thread 0x0000014942a60800 14104       3       java.util.regex.ASCII::isWord (7 bytes)
Event: 60.345 Thread 0x0000014942a60800 nmethod 14104 0x000001492ecbb110 code [0x000001492ecbb2e0, 0x000001492ecbb558]
Event: 60.378 Thread 0x0000014942a5b800 14105       4       org.gradle.internal.service.DefaultServiceRegistry$SingletonService::get (5 bytes)

GC Heap History (20 events):
Event: 28.693 GC heap before
{Heap before GC invocations=23 (full 0):
 garbage-first heap   total 187392K, used 143179K [0x0000000080000000, 0x0000000100000000)
  region size 1024K, 32 young (32768K), 5 survivors (5120K)
 Metaspace       used 84510K, capacity 86593K, committed 86896K, reserved 1124352K
  class space    used 10902K, capacity 11692K, committed 11852K, reserved 1048576K
}
Event: 28.712 GC heap after
{Heap after GC invocations=24 (full 0):
 garbage-first heap   total 225280K, used 111836K [0x0000000080000000, 0x0000000100000000)
  region size 1024K, 4 young (4096K), 4 survivors (4096K)
 Metaspace       used 84510K, capacity 86593K, committed 86896K, reserved 1124352K
  class space    used 10902K, capacity 11692K, committed 11852K, reserved 1048576K
}
Event: 29.535 GC heap before
{Heap before GC invocations=24 (full 0):
 garbage-first heap   total 225280K, used 155868K [0x0000000080000000, 0x0000000100000000)
  region size 1024K, 47 young (48128K), 4 survivors (4096K)
 Metaspace       used 86606K, capacity 88677K, committed 88944K, reserved 1126400K
  class space    used 11173K, capacity 11958K, committed 12108K, reserved 1048576K
}
Event: 29.546 GC heap after
{Heap after GC invocations=25 (full 0):
 garbage-first heap   total 225280K, used 109895K [0x0000000080000000, 0x0000000100000000)
  region size 1024K, 4 young (4096K), 4 survivors (4096K)
 Metaspace       used 86606K, capacity 88677K, committed 88944K, reserved 1126400K
  class space    used 11173K, capacity 11958K, committed 12108K, reserved 1048576K
}
Event: 30.280 GC heap before
{Heap before GC invocations=26 (full 0):
 garbage-first heap   total 225280K, used 128327K [0x0000000080000000, 0x0000000100000000)
  region size 1024K, 23 young (23552K), 4 survivors (4096K)
 Metaspace       used 86689K, capacity 88805K, committed 89200K, reserved 1126400K
  class space    used 11178K, capacity 11958K, committed 12108K, reserved 1048576K
}
Event: 30.299 GC heap after
{Heap after GC invocations=27 (full 0):
 garbage-first heap   total 225280K, used 117824K [0x0000000080000000, 0x0000000100000000)
  region size 1024K, 7 young (7168K), 7 survivors (7168K)
 Metaspace       used 86689K, capacity 88805K, committed 89200K, reserved 1126400K
  class space    used 11178K, capacity 11958K, committed 12108K, reserved 1048576K
}
Event: 31.509 GC heap before
{Heap before GC invocations=28 (full 0):
 garbage-first heap   total 225280K, used 191552K [0x0000000080000000, 0x0000000100000000)
  region size 1024K, 52 young (53248K), 7 survivors (7168K)
 Metaspace       used 90362K, capacity 92454K, committed 92784K, reserved 1130496K
  class space    used 11495K, capacity 12277K, committed 12364K, reserved 1048576K
}
Event: 31.532 GC heap after
{Heap after GC invocations=29 (full 0):
 garbage-first heap   total 225280K, used 124005K [0x0000000080000000, 0x0000000100000000)
  region size 1024K, 7 young (7168K), 7 survivors (7168K)
 Metaspace       used 90362K, capacity 92454K, committed 92784K, reserved 1130496K
  class space    used 11495K, capacity 12277K, committed 12364K, reserved 1048576K
}
Event: 32.463 GC heap before
{Heap before GC invocations=29 (full 0):
 garbage-first heap   total 225280K, used 168037K [0x0000000080000000, 0x0000000100000000)
  region size 1024K, 51 young (52224K), 7 survivors (7168K)
 Metaspace       used 93284K, capacity 95470K, committed 95600K, reserved 1132544K
  class space    used 11755K, capacity 12550K, committed 12620K, reserved 1048576K
}
Event: 32.471 GC heap after
{Heap after GC invocations=30 (full 0):
 garbage-first heap   total 225280K, used 120641K [0x0000000080000000, 0x0000000100000000)
  region size 1024K, 2 young (2048K), 2 survivors (2048K)
 Metaspace       used 93284K, capacity 95470K, committed 95600K, reserved 1132544K
  class space    used 11755K, capacity 12550K, committed 12620K, reserved 1048576K
}
Event: 33.811 GC heap before
{Heap before GC invocations=31 (full 0):
 garbage-first heap   total 225280K, used 149313K [0x0000000080000000, 0x0000000100000000)
  region size 1024K, 51 young (52224K), 2 survivors (2048K)
 Metaspace       used 93810K, capacity 95967K, committed 96112K, reserved 1132544K
  class space    used 11800K, capacity 12583K, committed 12620K, reserved 1048576K
}
Event: 33.833 GC heap after
{Heap after GC invocations=32 (full 0):
 garbage-first heap   total 225280K, used 105298K [0x0000000080000000, 0x0000000100000000)
  region size 1024K, 7 young (7168K), 7 survivors (7168K)
 Metaspace       used 93810K, capacity 95967K, committed 96112K, reserved 1132544K
  class space    used 11800K, capacity 12583K, committed 12620K, reserved 1048576K
}
Event: 34.016 GC heap before
{Heap before GC invocations=32 (full 0):
 garbage-first heap   total 225280K, used 109394K [0x0000000080000000, 0x0000000100000000)
  region size 1024K, 11 young (11264K), 7 survivors (7168K)
 Metaspace       used 94414K, capacity 96686K, committed 97008K, reserved 1134592K
  class space    used 11867K, capacity 12652K, committed 12748K, reserved 1048576K
}
Event: 34.036 GC heap after
{Heap after GC invocations=33 (full 0):
 garbage-first heap   total 225280K, used 96086K [0x0000000080000000, 0x0000000100000000)
  region size 1024K, 1 young (1024K), 1 survivors (1024K)
 Metaspace       used 94414K, capacity 96686K, committed 97008K, reserved 1134592K
  class space    used 11867K, capacity 12652K, committed 12748K, reserved 1048576K
}
Event: 35.395 GC heap before
{Heap before GC invocations=33 (full 0):
 garbage-first heap   total 225280K, used 160598K [0x0000000080000000, 0x0000000100000000)
  region size 1024K, 65 young (66560K), 1 survivors (1024K)
 Metaspace       used 95494K, capacity 97669K, committed 97904K, reserved 1134592K
  class space    used 11998K, capacity 12770K, committed 12876K, reserved 1048576K
}
Event: 35.406 GC heap after
{Heap after GC invocations=34 (full 0):
 garbage-first heap   total 225280K, used 99158K [0x0000000080000000, 0x0000000100000000)
  region size 1024K, 4 young (4096K), 4 survivors (4096K)
 Metaspace       used 95494K, capacity 97669K, committed 97904K, reserved 1134592K
  class space    used 11998K, capacity 12770K, committed 12876K, reserved 1048576K
}
Event: 35.942 GC heap before
{Heap before GC invocations=34 (full 0):
 garbage-first heap   total 225280K, used 165718K [0x0000000080000000, 0x0000000100000000)
  region size 1024K, 70 young (71680K), 4 survivors (4096K)
 Metaspace       used 98024K, capacity 100167K, committed 100464K, reserved 1136640K
  class space    used 12329K, capacity 13090K, committed 13132K, reserved 1048576K
}
Event: 35.953 GC heap after
{Heap after GC invocations=35 (full 0):
 garbage-first heap   total 225280K, used 101883K [0x0000000080000000, 0x0000000100000000)
  region size 1024K, 7 young (7168K), 7 survivors (7168K)
 Metaspace       used 98024K, capacity 100167K, committed 100464K, reserved 1136640K
  class space    used 12329K, capacity 13090K, committed 13132K, reserved 1048576K
}
Event: 41.228 GC heap before
{Heap before GC invocations=35 (full 0):
 garbage-first heap   total 225280K, used 169467K [0x0000000080000000, 0x0000000100000000)
  region size 1024K, 74 young (75776K), 7 survivors (7168K)
 Metaspace       used 98737K, capacity 100967K, committed 101104K, reserved 1136640K
  class space    used 12388K, capacity 13209K, committed 13260K, reserved 1048576K
}
Event: 41.262 GC heap after
{Heap after GC invocations=36 (full 0):
 garbage-first heap   total 225280K, used 107044K [0x0000000080000000, 0x0000000100000000)
  region size 1024K, 8 young (8192K), 8 survivors (8192K)
 Metaspace       used 98737K, capacity 100967K, committed 101104K, reserved 1136640K
  class space    used 12388K, capacity 13209K, committed 13260K, reserved 1048576K
}

Deoptimization events (20 events):
Event: 60.144 Thread 0x0000014944dc8800 Uncommon trap: trap_request=0xffffff4d fr.pc=0x0000014934922e10 relative=0x0000000000000070
Event: 60.144 Thread 0x0000014944dc8800 Uncommon trap: reason=unstable_if action=reinterpret pc=0x0000014934922e10 method=com.google.common.math.IntMath.log2(ILjava/math/RoundingMode;)I @ 15 c2
Event: 60.144 Thread 0x0000014944dc8800 DEOPT PACKING pc=0x0000014934922e10 sp=0x0000000b04cfb650
Event: 60.144 Thread 0x0000014944dc8800 DEOPT UNPACKING pc=0x000001492c97662f sp=0x0000000b04cfb5d8 mode 2
Event: 60.206 Thread 0x0000014944dc8800 Uncommon trap: trap_request=0xffffffbe fr.pc=0x0000014934cc8f78 relative=0x00000000000004f8
Event: 60.206 Thread 0x0000014944dc8800 Uncommon trap: reason=profile_predicate action=maybe_recompile pc=0x0000014934cc8f78 method=org.gradle.internal.snapshot.AbstractListChildMap.visitChildren(Ljava/util/function/BiConsumer;)V @ 16 c2
Event: 60.206 Thread 0x0000014944dc8800 DEOPT PACKING pc=0x0000014934cc8f78 sp=0x0000000b04cfb810
Event: 60.206 Thread 0x0000014944dc8800 DEOPT UNPACKING pc=0x000001492c97662f sp=0x0000000b04cfb7c0 mode 2
Event: 60.206 Thread 0x0000014944dc8800 Uncommon trap: trap_request=0xffffffbe fr.pc=0x0000014934cc8f78 relative=0x00000000000004f8
Event: 60.206 Thread 0x0000014944dc8800 Uncommon trap: reason=profile_predicate action=maybe_recompile pc=0x0000014934cc8f78 method=org.gradle.internal.snapshot.AbstractListChildMap.visitChildren(Ljava/util/function/BiConsumer;)V @ 16 c2
Event: 60.206 Thread 0x0000014944dc8800 DEOPT PACKING pc=0x0000014934cc8f78 sp=0x0000000b04cfb810
Event: 60.206 Thread 0x0000014944dc8800 DEOPT UNPACKING pc=0x000001492c97662f sp=0x0000000b04cfb7c0 mode 2
Event: 60.206 Thread 0x0000014944dc8800 Uncommon trap: trap_request=0xffffffbe fr.pc=0x0000014934cc8f78 relative=0x00000000000004f8
Event: 60.206 Thread 0x0000014944dc8800 Uncommon trap: reason=profile_predicate action=maybe_recompile pc=0x0000014934cc8f78 method=org.gradle.internal.snapshot.AbstractListChildMap.visitChildren(Ljava/util/function/BiConsumer;)V @ 16 c2
Event: 60.206 Thread 0x0000014944dc8800 DEOPT PACKING pc=0x0000014934cc8f78 sp=0x0000000b04cfb810
Event: 60.206 Thread 0x0000014944dc8800 DEOPT UNPACKING pc=0x000001492c97662f sp=0x0000000b04cfb7c0 mode 2
Event: 60.206 Thread 0x0000014944dc8800 Uncommon trap: trap_request=0xffffffbe fr.pc=0x0000014934cc8f78 relative=0x00000000000004f8
Event: 60.206 Thread 0x0000014944dc8800 Uncommon trap: reason=profile_predicate action=maybe_recompile pc=0x0000014934cc8f78 method=org.gradle.internal.snapshot.AbstractListChildMap.visitChildren(Ljava/util/function/BiConsumer;)V @ 16 c2
Event: 60.206 Thread 0x0000014944dc8800 DEOPT PACKING pc=0x0000014934cc8f78 sp=0x0000000b04cfb810
Event: 60.207 Thread 0x0000014944dc8800 DEOPT UNPACKING pc=0x000001492c97662f sp=0x0000000b04cfb7c0 mode 2

Classes redefined (0 events):
No events

Internal exceptions (20 events):
Event: 37.566 Thread 0x0000014948691800 Exception <a 'java/lang/NoSuchMethodError'{0x0000000089bd9e40}: 'int java.lang.invoke.DirectMethodHandle$Holder.invokeSpecialIFC(java.lang.Object, java.lang.Object, java.lang.Object)'> (0x0000000089bd9e40) thrown at [./src/hotspot/share/interpreter/linkResolver.cpp, line 773]
Event: 41.181 Thread 0x0000014948691800 Exception <a 'sun/nio/fs/WindowsException'{0x0000000089a023b8}> (0x0000000089a023b8) thrown at [./src/hotspot/share/prims/jni.cpp, line 615]
Event: 41.182 Thread 0x0000014948691800 Exception <a 'sun/nio/fs/WindowsException'{0x0000000089a02948}> (0x0000000089a02948) thrown at [./src/hotspot/share/prims/jni.cpp, line 615]
Event: 41.418 Thread 0x0000014944457000 Exception <a 'java/lang/NoSuchMethodError'{0x000000008d69a2b8}: <clinit>> (0x000000008d69a2b8) thrown at [./src/hotspot/share/prims/jni.cpp, line 1362]
Event: 41.420 Thread 0x0000014944457000 Exception <a 'java/lang/NoSuchMethodError'{0x000000008d6bfa90}: <clinit>> (0x000000008d6bfa90) thrown at [./src/hotspot/share/prims/jni.cpp, line 1362]
Event: 41.472 Thread 0x0000014944dc8800 Exception <a 'sun/nio/fs/WindowsException'{0x000000008d5d40e0}> (0x000000008d5d40e0) thrown at [./src/hotspot/share/prims/jni.cpp, line 615]
Event: 41.472 Thread 0x0000014944dc8800 Exception <a 'sun/nio/fs/WindowsException'{0x000000008d5d4248}> (0x000000008d5d4248) thrown at [./src/hotspot/share/prims/jni.cpp, line 615]
Event: 41.473 Thread 0x0000014944dc8800 Exception <a 'sun/nio/fs/WindowsException'{0x000000008d5e2bd0}> (0x000000008d5e2bd0) thrown at [./src/hotspot/share/prims/jni.cpp, line 615]
Event: 41.606 Thread 0x0000014944dc8800 Exception <a 'java/lang/NoSuchMethodError'{0x000000008d28b600}: 'int java.lang.invoke.DirectMethodHandle$Holder.invokeVirtual(java.lang.Object, java.lang.Object, java.lang.Object)'> (0x000000008d28b600) thrown at [./src/hotspot/share/interpreter/linkResolver.cpp, line 773]
Event: 41.920 Thread 0x0000014945596000 Exception <a 'java/lang/NoSuchMethodError'{0x000000008cdbb500}: <clinit>> (0x000000008cdbb500) thrown at [./src/hotspot/share/prims/jni.cpp, line 1362]
Event: 41.922 Thread 0x0000014945596000 Exception <a 'java/lang/NoSuchMethodError'{0x000000008cdcc2a8}: <clinit>> (0x000000008cdcc2a8) thrown at [./src/hotspot/share/prims/jni.cpp, line 1362]
Event: 41.922 Thread 0x0000014945596000 Exception <a 'java/lang/NoSuchMethodError'{0x000000008cdcd990}: <clinit>> (0x000000008cdcd990) thrown at [./src/hotspot/share/prims/jni.cpp, line 1362]
Event: 41.924 Thread 0x0000014945596000 Exception <a 'java/lang/NoSuchMethodError'{0x000000008cddfac0}: <clinit>> (0x000000008cddfac0) thrown at [./src/hotspot/share/prims/jni.cpp, line 1362]
Event: 41.924 Thread 0x0000014945596000 Exception <a 'java/lang/NoSuchMethodError'{0x000000008cdebc10}: <clinit>> (0x000000008cdebc10) thrown at [./src/hotspot/share/prims/jni.cpp, line 1362]
Event: 41.929 Thread 0x0000014945596000 Exception <a 'java/lang/NoSuchMethodError'{0x000000008cc05110}: <clinit>> (0x000000008cc05110) thrown at [./src/hotspot/share/prims/jni.cpp, line 1362]
Event: 41.932 Thread 0x0000014945596000 Exception <a 'java/lang/NoSuchMethodError'{0x000000008cc1fa88}: <clinit>> (0x000000008cc1fa88) thrown at [./src/hotspot/share/prims/jni.cpp, line 1362]
Event: 41.933 Thread 0x0000014945596000 Exception <a 'java/lang/NoSuchMethodError'{0x000000008cc2e3d8}: <clinit>> (0x000000008cc2e3d8) thrown at [./src/hotspot/share/prims/jni.cpp, line 1362]
Event: 43.865 Thread 0x0000014944e01000 Implicit null exception at 0x0000014934b73f14 to 0x0000014934b744fc
Event: 43.901 Thread 0x0000014944e01000 Implicit null exception at 0x00000149347be214 to 0x00000149347be800
Event: 60.092 Thread 0x0000014944dc8800 Implicit null exception at 0x0000014934bd39df to 0x0000014934bd44e8

Events (20 events):
Event: 59.616 loading class org/gradle/internal/snapshot/SnapshotHierarchy$NodeDiffListener done
Event: 59.619 loading class org/gradle/internal/snapshot/FileSystemLocationSnapshot
Event: 59.619 loading class org/gradle/internal/snapshot/FileSystemLocationSnapshot done
Event: 59.619 loading class org/gradle/internal/snapshot/SnapshotHierarchy$NodeDiffListener
Event: 59.619 loading class org/gradle/internal/snapshot/SnapshotHierarchy$NodeDiffListener done
Event: 59.629 loading class org/gradle/internal/snapshot/FileSystemLocationSnapshot
Event: 59.629 loading class org/gradle/internal/snapshot/FileSystemLocationSnapshot done
Event: 59.629 loading class org/gradle/internal/snapshot/FileSystemLocationSnapshot
Event: 59.629 loading class org/gradle/internal/snapshot/FileSystemLocationSnapshot done
Event: 59.962 Thread 0x0000014948686800 Thread added: 0x0000014948686800
Event: 60.002 Thread 0x000001494868a000 Thread added: 0x000001494868a000
Event: 60.046 Thread 0x000001494868e000 Thread added: 0x000001494868e000
Event: 60.050 Thread 0x0000014948688800 Thread added: 0x0000014948688800
Event: 60.053 Thread 0x000001494868b000 Thread added: 0x000001494868b000
Event: 60.133 Thread 0x0000014948690800 Thread added: 0x0000014948690800
Event: 60.176 loading class org/gradle/internal/watch/vfs/impl/WatchingVirtualFileSystem
Event: 60.176 loading class org/gradle/internal/watch/vfs/impl/WatchingVirtualFileSystem done
Event: 60.242 Thread 0x000001494868f000 Thread added: 0x000001494868f000
Event: 60.261 Thread 0x000001494868f800 Thread added: 0x000001494868f800
Event: 60.349 Thread 0x0000014948691800 Thread added: 0x0000014948691800


Dynamic libraries:
0x00007ff7867c0000 - 0x00007ff7867ca000 	C:\Program Files\Android\Android Studio\jre\bin\java.exe
0x00007ffada130000 - 0x00007ffada325000 	C:\WINDOWS\SYSTEM32\ntdll.dll
0x00007ffad8960000 - 0x00007ffad8a1e000 	C:\WINDOWS\System32\KERNEL32.DLL
0x00007ffad7e20000 - 0x00007ffad80e8000 	C:\WINDOWS\System32\KERNELBASE.dll
0x00007ffad7a60000 - 0x00007ffad7b60000 	C:\WINDOWS\System32\ucrtbase.dll
0x00007ffad1160000 - 0x00007ffad1177000 	C:\Program Files\Android\Android Studio\jre\bin\VCRUNTIME140.dll
0x00007ffacf300000 - 0x00007ffacf319000 	C:\Program Files\Android\Android Studio\jre\bin\jli.dll
0x00007ffad8af0000 - 0x00007ffad8c90000 	C:\WINDOWS\System32\USER32.dll
0x00007ffad7990000 - 0x00007ffad79b2000 	C:\WINDOWS\System32\win32u.dll
0x00007ffad99a0000 - 0x00007ffad99ca000 	C:\WINDOWS\System32\GDI32.dll
0x00007ffad7bb0000 - 0x00007ffad7cbb000 	C:\WINDOWS\System32\gdi32full.dll
0x00007ffad80f0000 - 0x00007ffad818d000 	C:\WINDOWS\System32\msvcp_win.dll
0x00007ffad6c70000 - 0x00007ffad6f0a000 	C:\WINDOWS\WinSxS\amd64_microsoft.windows.common-controls_6595b64144ccf1df_6.0.19041.1110_none_60b5254171f9507e\COMCTL32.dll
0x00007ffad9c40000 - 0x00007ffad9cde000 	C:\WINDOWS\System32\msvcrt.dll
0x00007ffad9b90000 - 0x00007ffad9bc0000 	C:\WINDOWS\System32\IMM32.DLL
0x00007ffacb210000 - 0x00007ffacb2ad000 	C:\Program Files\Android\Android Studio\jre\bin\msvcp140.dll
0x00007ffa706d0000 - 0x00007ffa711a5000 	C:\Program Files\Android\Android Studio\jre\bin\server\jvm.dll
0x00007ffad9460000 - 0x00007ffad950e000 	C:\WINDOWS\System32\ADVAPI32.dll
0x00007ffad8660000 - 0x00007ffad86fc000 	C:\WINDOWS\System32\sechost.dll
0x00007ffad9a60000 - 0x00007ffad9b85000 	C:\WINDOWS\System32\RPCRT4.dll
0x00007ffad9700000 - 0x00007ffad9708000 	C:\WINDOWS\System32\PSAPI.DLL
0x00007ffac4490000 - 0x00007ffac44b7000 	C:\WINDOWS\SYSTEM32\WINMM.dll
0x00007ffabf7f0000 - 0x00007ffabf7f9000 	C:\WINDOWS\SYSTEM32\WSOCK32.dll
0x00007ffad9840000 - 0x00007ffad98ab000 	C:\WINDOWS\System32\WS2_32.dll
0x00007ffaca310000 - 0x00007ffaca31a000 	C:\WINDOWS\SYSTEM32\VERSION.dll
0x00007ffad5a70000 - 0x00007ffad5a82000 	C:\WINDOWS\SYSTEM32\kernel.appcore.dll
0x00007ffab78d0000 - 0x00007ffab78e1000 	C:\Program Files\Android\Android Studio\jre\bin\verify.dll
0x00007ffad7280000 - 0x00007ffad7464000 	C:\WINDOWS\SYSTEM32\DBGHELP.DLL
0x00007ffad71d0000 - 0x00007ffad71fc000 	C:\WINDOWS\SYSTEM32\dbgcore.DLL
0x00007ffad7900000 - 0x00007ffad7982000 	C:\WINDOWS\System32\bcryptPrimitives.dll
0x00007ffa7c2a0000 - 0x00007ffa7c2c9000 	C:\Program Files\Android\Android Studio\jre\bin\java.dll
0x00007ffab78c0000 - 0x00007ffab78cb000 	C:\Program Files\Android\Android Studio\jre\bin\jimage.dll
0x00007ffa97590000 - 0x00007ffa975a8000 	C:\Program Files\Android\Android Studio\jre\bin\zip.dll
0x00007ffad8c90000 - 0x00007ffad93d4000 	C:\WINDOWS\System32\SHELL32.dll
0x00007ffad2180000 - 0x00007ffad2914000 	C:\WINDOWS\SYSTEM32\windows.storage.dll
0x00007ffad9d90000 - 0x00007ffada0e4000 	C:\WINDOWS\System32\combase.dll
0x00007ffad6bd0000 - 0x00007ffad6bfc000 	C:\WINDOWS\SYSTEM32\Wldp.dll
0x00007ffad88b0000 - 0x00007ffad895d000 	C:\WINDOWS\System32\SHCORE.dll
0x00007ffad8190000 - 0x00007ffad81e5000 	C:\WINDOWS\System32\shlwapi.dll
0x00007ffad7790000 - 0x00007ffad77af000 	C:\WINDOWS\SYSTEM32\profapi.dll
0x00007ffa95150000 - 0x00007ffa9516a000 	C:\Program Files\Android\Android Studio\jre\bin\net.dll
0x00007ffac5ff0000 - 0x00007ffac60fa000 	C:\WINDOWS\SYSTEM32\WINHTTP.dll
0x00007ffad68c0000 - 0x00007ffad692a000 	C:\WINDOWS\system32\mswsock.dll
0x00007ffa80250000 - 0x00007ffa80264000 	C:\Program Files\Android\Android Studio\jre\bin\nio.dll
0x00007ffacf370000 - 0x00007ffacf397000 	C:\Users\acer\.gradle\native\e1d6ef7f7dcc3fd88c89a11ec53ec762bb8ba0a96d01ffa2cd45eb1d1d8dd5c5\windows-amd64\native-platform.dll
0x00007ffaaf200000 - 0x00007ffaaf344000 	C:\Users\acer\.gradle\native\5664cfc778a61ccfe75a443a1ab52a65af34e5dc3c78e0209fed803814484fcb\windows-amd64\native-platform-file-events.dll
0x00007ffaa1ba0000 - 0x00007ffaa1baa000 	C:\Program Files\Android\Android Studio\jre\bin\management.dll
0x00007ffa9c610000 - 0x00007ffa9c61d000 	C:\Program Files\Android\Android Studio\jre\bin\management_ext.dll
0x00007ffad75e0000 - 0x00007ffad75f8000 	C:\WINDOWS\SYSTEM32\CRYPTSP.dll
0x00007ffad6290000 - 0x00007ffad62c4000 	C:\WINDOWS\system32\rsaenh.dll
0x00007ffad7a30000 - 0x00007ffad7a57000 	C:\WINDOWS\System32\bcrypt.dll
0x00007ffad7750000 - 0x00007ffad777e000 	C:\WINDOWS\SYSTEM32\USERENV.dll
0x00007ffad6b90000 - 0x00007ffad6b9c000 	C:\WINDOWS\SYSTEM32\CRYPTBASE.dll
0x00007ffad65f0000 - 0x00007ffad662b000 	C:\WINDOWS\SYSTEM32\IPHLPAPI.DLL
0x00007ffad9990000 - 0x00007ffad9998000 	C:\WINDOWS\System32\NSI.dll
0x00007ffaccae0000 - 0x00007ffaccaf7000 	C:\WINDOWS\SYSTEM32\dhcpcsvc6.DLL
0x00007ffacca60000 - 0x00007ffacca7d000 	C:\WINDOWS\SYSTEM32\dhcpcsvc.DLL
0x00007ffad6630000 - 0x00007ffad66fb000 	C:\WINDOWS\SYSTEM32\DNSAPI.dll
0x00007ffad74c0000 - 0x00007ffad74f3000 	C:\WINDOWS\SYSTEM32\ntmarta.dll

dbghelp: loaded successfully - version: 4.0.5 - missing functions: none
symbol engine: initialized successfully - sym options: 0x614 - pdb path: .;C:\Program Files\Android\Android Studio\jre\bin;C:\WINDOWS\SYSTEM32;C:\WINDOWS\WinSxS\amd64_microsoft.windows.common-controls_6595b64144ccf1df_6.0.19041.1110_none_60b5254171f9507e;C:\Program Files\Android\Android Studio\jre\bin\server;C:\Users\acer\.gradle\native\e1d6ef7f7dcc3fd88c89a11ec53ec762bb8ba0a96d01ffa2cd45eb1d1d8dd5c5\windows-amd64;C:\Users\acer\.gradle\native\5664cfc778a61ccfe75a443a1ab52a65af34e5dc3c78e0209fed803814484fcb\windows-amd64

VM Arguments:
jvm_args: --add-opens=java.base/java.util=ALL-UNNAMED --add-opens=java.base/java.lang=ALL-UNNAMED --add-opens=java.base/java.lang.invoke=ALL-UNNAMED --add-opens=java.base/java.util=ALL-UNNAMED --add-opens=java.prefs/java.util.prefs=ALL-UNNAMED --add-opens=java.prefs/java.util.prefs=ALL-UNNAMED --add-opens=java.base/java.nio.charset=ALL-UNNAMED --add-opens=java.base/java.net=ALL-UNNAMED --add-opens=java.base/java.util.concurrent.atomic=ALL-UNNAMED -Xmx2048m -Dfile.encoding=UTF-8 -Duser.country=BG -Duser.language=bg -Duser.variant 
java_command: org.gradle.launcher.daemon.bootstrap.GradleDaemon 7.2
java_class_path (initial): C:\Users\acer\.gradle\wrapper\dists\gradle-7.2-bin\2dnblmf4td7x66yl1d74lt32g\gradle-7.2\lib\gradle-launcher-7.2.jar
Launcher Type: SUN_STANDARD

[Global flags]
     intx CICompilerCount                          = 3                                         {product} {ergonomic}
     uint ConcGCThreads                            = 1                                         {product} {ergonomic}
     uint G1ConcRefinementThreads                  = 4                                         {product} {ergonomic}
   size_t G1HeapRegionSize                         = 1048576                                   {product} {ergonomic}
    uintx GCDrainStackTargetSize                   = 64                                        {product} {ergonomic}
   size_t InitialHeapSize                          = 132120576                                 {product} {ergonomic}
   size_t MarkStackSize                            = 4194304                                   {product} {ergonomic}
   size_t MaxHeapSize                              = 2147483648                                {product} {command line}
   size_t MaxNewSize                               = 1287651328                                {product} {ergonomic}
   size_t MinHeapDeltaBytes                        = 1048576                                   {product} {ergonomic}
    uintx NonNMethodCodeHeapSize                   = 5830732                                {pd product} {ergonomic}
    uintx NonProfiledCodeHeapSize                  = 122913754                              {pd product} {ergonomic}
    uintx ProfiledCodeHeapSize                     = 122913754                              {pd product} {ergonomic}
    uintx ReservedCodeCacheSize                    = 251658240                              {pd product} {ergonomic}
     bool SegmentedCodeCache                       = true                                      {product} {ergonomic}
     bool UseCompressedClassPointers               = true                                 {lp64_product} {ergonomic}
     bool UseCompressedOops                        = true                                 {lp64_product} {ergonomic}
     bool UseG1GC                                  = true                                      {product} {ergonomic}
     bool UseLargePagesIndividualAllocation        = false                                  {pd product} {ergonomic}

Logging:
Log output configuration:
 #0: stdout all=warning uptime,level,tags
 #1: stderr all=off uptime,level,tags

Environment Variables:
PATH=C:\Program Files\Common Files\Oracle\Java\javapath;C:\Windows\system32;C:\Windows;C:\Windows\System32\Wbem;C:\Windows\System32\WindowsPowerShell\v1.0\;C:\Windows\System32\OpenSSH\;C:\Program Files\NVIDIA Corporation\NVIDIA NvDLISR;C:\Program Files (x86)\Windows Kits\8.1\Windows Performance Toolkit\;C:\WINDOWS\system32;C:\WINDOWS;C:\WINDOWS\System32\Wbem;C:\WINDOWS\System32\WindowsPowerShell\v1.0\;C:\WINDOWS\System32\OpenSSH\;C:\Program Files\Git\cmd;C:\Program Files\Go\bin;C:\kube;C:\Program Files\Docker\Docker\resources\bin;C:\ProgramData\DockerDesktop\version-bin;C:\Program Files\Kubernetes\Minikube;C:\Program Files\MongoDB\Server\5.0\bin;C:\Users\acer\AppData\Local\Programs\mongosh\;C:\ProgramData\chocolatey\bin;C:\Program Files\Microsoft SQL Server\150\Tools\Binn\;C:\Program Files\Microsoft SQL Server\Client SDK\ODBC\170\Tools\Binn\;C:\Program Files\dotnet\;C:\Program Files (x86)\dotnet\;C:\Gradle\gradle-7.4.1\bin;C:\Users\acer\AppData\Local\Microsoft\WindowsApps;C:\Users\acer\go\bin;C:\Users\acer\AppData\Local\Programs\Microsoft VS Code\bin;C:\Users\acer\AppData\Local\Programs\mongosh\;C:\Users\acer\.dotnet\tools;C:\Gradle\gradle-7.4.1\bin;
USERNAME=acer
OS=Windows_NT
PROCESSOR_IDENTIFIER=Intel64 Family 6 Model 142 Stepping 12, GenuineIntel



---------------  S Y S T E M  ---------------

OS: Windows 10 , 64 bit Build 19041 (10.0.19041.1645)
OS uptime: 1 days 4:29 hours
Hyper-V role detected

CPU:total 4 (initial active 4) (2 cores per cpu, 2 threads per core) family 6 model 142 stepping 12 microcode 0xca, cmov, cx8, fxsr, mmx, sse, sse2, sse3, ssse3, sse4.1, sse4.2, popcnt, avx, avx2, aes, clmul, erms, 3dnowpref, lzcnt, ht, tsc, tscinvbit, bmi1, bmi2, adx, fma

Memory: 4k page, system-wide physical 8014M (69M free)
TotalPageFile size 32590M (AvailPageFile size 5M)
current process WorkingSet (physical memory assigned to process): 168M, peak: 403M
current process commit charge ("private bytes"): 509M, peak: 530M

vm_info: OpenJDK 64-Bit Server VM (11.0.11+9-b60-7590822) for windows-amd64 JRE (11.0.11+9-b60-7590822), built on Jul 29 2021 21:43:44 by "builder" with MS VC++ 14.0 (VS2015)

END.
